# JRE version: Java(TM) SE Runtime Environment (17.0.12+8) (build 17.0.12+8-LTS-286)
# Java VM: Java HotSpot(TM) 64-Bit Server VM (17.0.12+8-LTS-286, mixed mode, sharing, tiered, compressed oops, compressed class ptrs, g1 gc, windows-amd64)
GC Precious Log:
 CPUs: 16 total, 16 available
 Memory: 5989M
 Large Page Support: Disabled
 NUMA Support: Disabled
 Compressed Oops: Enabled (32-bit)
 Heap Region Size: 1M
 Heap Min Capacity: 8M
 Heap Initial Capacity: 94M
 Heap Max Capacity: 1G
 Pre-touch: Disabled
 Parallel Workers: 13
 Concurrent Workers: 3
 Concurrent Refinement Workers: 13
 Periodic GC: Disabled
Heap:
 garbage-first heap   total 131072K, used 97333K [0x00000000c0000000, 0x0000000100000000)
  region size 1024K, 35 young (35840K), 6 survivors (6144K)
 Metaspace       used 114026K, committed 114688K, reserved 1179648K
  class space    used 14463K, committed 14784K, reserved 1048576K
GC Heap History (20 events):
Event: 7.105 GC heap before
{Heap before GC invocations=10 (full 0):
 garbage-first heap   total 96256K, used 70257K [0x00000000c0000000, 0x0000000100000000)
  region size 1024K, 34 young (34816K), 5 survivors (5120K)
 Metaspace       used 42356K, committed 42752K, reserved 1114112K
  class space    used 4951K, committed 5120K, reserved 1048576K
}
Event: 7.113 GC heap after
{Heap after GC invocations=11 (full 0):
 garbage-first heap   total 96256K, used 43744K [0x00000000c0000000, 0x0000000100000000)
  region size 1024K, 3 young (3072K), 3 survivors (3072K)
 Metaspace       used 42356K, committed 42752K, reserved 1114112K
  class space    used 4951K, committed 5120K, reserved 1048576K
}
Event: 9.951 GC heap before
{Heap before GC invocations=11 (full 0):
 garbage-first heap   total 96256K, used 72416K [0x00000000c0000000, 0x0000000100000000)
  region size 1024K, 32 young (32768K), 3 survivors (3072K)
 Metaspace       used 47701K, committed 48192K, reserved 1114112K
  class space    used 5638K, committed 5888K, reserved 1048576K
}
Event: 9.957 GC heap after
{Heap after GC invocations=12 (full 0):
 garbage-first heap   total 96256K, used 45247K [0x00000000c0000000, 0x0000000100000000)
  region size 1024K, 2 young (2048K), 2 survivors (2048K)
 Metaspace       used 47701K, committed 48192K, reserved 1114112K
  class space    used 5638K, committed 5888K, reserved 1048576K
}
Event: 10.761 GC heap before
{Heap before GC invocations=12 (full 0):
 garbage-first heap   total 96256K, used 73919K [0x00000000c0000000, 0x0000000100000000)
  region size 1024K, 31 young (31744K), 2 survivors (2048K)
 Metaspace       used 54044K, committed 54528K, reserved 1114112K
  class space    used 6342K, committed 6592K, reserved 1048576K
}
Event: 10.766 GC heap after
{Heap after GC invocations=13 (full 0):
 garbage-first heap   total 96256K, used 46761K [0x00000000c0000000, 0x0000000100000000)
  region size 1024K, 4 young (4096K), 4 survivors (4096K)
 Metaspace       used 54044K, committed 54528K, reserved 1114112K
  class space    used 6342K, committed 6592K, reserved 1048576K
}
Event: 11.176 GC heap before
{Heap before GC invocations=14 (full 0):
 garbage-first heap   total 96256K, used 74409K [0x00000000c0000000, 0x0000000100000000)
  region size 1024K, 32 young (32768K), 4 survivors (4096K)
 Metaspace       used 59992K, committed 60480K, reserved 1114112K
  class space    used 6975K, committed 7232K, reserved 1048576K
}
Event: 11.182 GC heap after
{Heap after GC invocations=15 (full 0):
 garbage-first heap   total 131072K, used 47772K [0x00000000c0000000, 0x0000000100000000)
  region size 1024K, 3 young (3072K), 3 survivors (3072K)
 Metaspace       used 59992K, committed 60480K, reserved 1114112K
  class space    used 6975K, committed 7232K, reserved 1048576K
}
Event: 13.299 GC heap before
{Heap before GC invocations=15 (full 0):
 garbage-first heap   total 131072K, used 105116K [0x00000000c0000000, 0x0000000100000000)
  region size 1024K, 59 young (60416K), 3 survivors (3072K)
 Metaspace       used 71683K, committed 72192K, reserved 1114112K
  class space    used 8578K, committed 8832K, reserved 1048576K
}
Event: 13.308 GC heap after
{Heap after GC invocations=16 (full 0):
 garbage-first heap   total 131072K, used 53429K [0x00000000c0000000, 0x0000000100000000)
  region size 1024K, 8 young (8192K), 8 survivors (8192K)
 Metaspace       used 71683K, committed 72192K, reserved 1114112K
  class space    used 8578K, committed 8832K, reserved 1048576K
}
Event: 14.319 GC heap before
{Heap before GC invocations=16 (full 0):
 garbage-first heap   total 131072K, used 99509K [0x00000000c0000000, 0x0000000100000000)
  region size 1024K, 53 young (54272K), 8 survivors (8192K)
 Metaspace       used 81851K, committed 82432K, reserved 1179648K
  class space    used 9684K, committed 9984K, reserved 1048576K
}
Event: 14.328 GC heap after
{Heap after GC invocations=17 (full 0):
 garbage-first heap   total 131072K, used 57909K [0x00000000c0000000, 0x0000000100000000)
  region size 1024K, 5 young (5120K), 5 survivors (5120K)
 Metaspace       used 81851K, committed 82432K, reserved 1179648K
  class space    used 9684K, committed 9984K, reserved 1048576K
}
Event: 15.016 GC heap before
{Heap before GC invocations=17 (full 0):
 garbage-first heap   total 131072K, used 94773K [0x00000000c0000000, 0x0000000100000000)
  region size 1024K, 42 young (43008K), 5 survivors (5120K)
 Metaspace       used 90481K, committed 91008K, reserved 1179648K
  class space    used 10977K, committed 11264K, reserved 1048576K
}
Event: 15.021 GC heap after
{Heap after GC invocations=18 (full 0):
 garbage-first heap   total 131072K, used 61270K [0x00000000c0000000, 0x0000000100000000)
  region size 1024K, 4 young (4096K), 4 survivors (4096K)
 Metaspace       used 90481K, committed 91008K, reserved 1179648K
  class space    used 10977K, committed 11264K, reserved 1048576K
}
Event: 15.852 GC heap before
{Heap before GC invocations=19 (full 0):
 garbage-first heap   total 131072K, used 103254K [0x00000000c0000000, 0x0000000100000000)
  region size 1024K, 45 young (46080K), 4 survivors (4096K)
 Metaspace       used 98610K, committed 99200K, reserved 1179648K
  class space    used 12227K, committed 12480K, reserved 1048576K
}
Event: 15.856 GC heap after
{Heap after GC invocations=20 (full 0):
 garbage-first heap   total 131072K, used 62377K [0x00000000c0000000, 0x0000000100000000)
  region size 1024K, 5 young (5120K), 5 survivors (5120K)
 Metaspace       used 98610K, committed 99200K, reserved 1179648K
  class space    used 12227K, committed 12480K, reserved 1048576K
}
Event: 26.629 GC heap before
{Heap before GC invocations=20 (full 0):
 garbage-first heap   total 131072K, used 105385K [0x00000000c0000000, 0x0000000100000000)
  region size 1024K, 47 young (48128K), 5 survivors (5120K)
 Metaspace       used 107382K, committed 107968K, reserved 1179648K
  class space    used 13268K, committed 13568K, reserved 1048576K
}
Event: 26.637 GC heap after
{Heap after GC invocations=21 (full 0):
 garbage-first heap   total 131072K, used 65385K [0x00000000c0000000, 0x0000000100000000)
  region size 1024K, 5 young (5120K), 5 survivors (5120K)
 Metaspace       used 107382K, committed 107968K, reserved 1179648K
  class space    used 13268K, committed 13568K, reserved 1048576K
}
Event: 27.205 GC heap before
{Heap before GC invocations=21 (full 0):
 garbage-first heap   total 131072K, used 105321K [0x00000000c0000000, 0x0000000100000000)
  region size 1024K, 45 young (46080K), 5 survivors (5120K)
 Metaspace       used 111371K, committed 111936K, reserved 1179648K
  class space    used 13998K, committed 14272K, reserved 1048576K
}
Event: 27.217 GC heap after
{Heap after GC invocations=22 (full 0):
 garbage-first heap   total 131072K, used 69685K [0x00000000c0000000, 0x0000000100000000)
  region size 1024K, 6 young (6144K), 6 survivors (6144K)
 Metaspace       used 111371K, committed 111936K, reserved 1179648K
  class space    used 13998K, committed 14272K, reserved 1048576K
}

